[www.pristinebayresorts.com/index.html]
[static.wixstatic.com/media/80aa96_a6af646e1c934b769aa196af9f1deb6a_mv2.png/v1/fill/w_32,h_32,lg_1,usm_0.66_1.00_0.01/80aa96_a6af646e1c934b769aa196af9f1deb6a_mv2.png]
[static.parastorage.com/unpkg/core-js-bundle@3.2.1/minified.js]
[static.parastorage.com/unpkg/focus-within-polyfill@5.0.9/dist/focus-within-polyfill.js]
[polyfill.io/v3/polyfill.mind82c.js]
[browser.sentry-cdn.com/6.18.2/bundle.min.js]
[www.pristinebayresorts.com/decodeURIComponent(e.5.delayed]
[backblue.gif]
[fade.gif]
[index.html]
[www.pristinebayresorts.com/sitemap.xml]
[www.pristinebayresorts.com/feed.7.delayed]
[static.parastorage.com/services/wix-thunderbolt/dist/thunderbolt-commons.df5792e8.bundle.min.js]
[static.parastorage.com/services/wix-thunderbolt/dist/main.3279f974.bundle.min.js]
[static.parastorage.com/unpkg/lodash@4.17.21/lodash.min.js]
[static.parastorage.com/unpkg/react@16.14.0/umd/react.production.min.js]
[static.parastorage.com/services/tag-manager-client/1.705.0/siteTags.bundle.min.js]
[static.parastorage.com/services/wix-perf-measure/1.1058.0/wix-perf-measure.umd.min.js]
[static.parastorage.com/unpkg/react-dom@16.14.0/umd/react-dom.production.min.js]
[static.wixstatic.com/media/80aa96_0cc2c203f10547998d4241c464a3db28_mv2.png/v1/fill/w_148,h_55,al_c,q_85,usm_0.66_1.00_0.01,enc_auto/PRISTINE BAY color.png]
[www.pristinebayresorts.com/golfclub.html]
[www.pristinebayresorts.com/beachclub.html]
[www.pristinebayresorts.com/weddings.html]
[www.pristinebayresorts.com/meetings.html]
[www.pristinebayresorts.com/gallery.html]
[static.wixstatic.com/media/80aa96_5ecc36331ab2451a9da0187f42b00359_mv2.jpg/v1/fill/w_147,h_87,al_c,q_80,usm_0.66_1.00_0.01,blur_2,enc_auto/80aa96_5ecc36331ab2451a9da0187f42b00359_mv2.jpg]
[www.pristinebayresorts.com/villas.html]
[www.pristinebayresorts.com/contactus.html]
[static.wixstatic.com/media/80aa96_2d98607d11414e3ebd44bc8334a93b01_mv2.jpg/v1/fill/w_99,h_66,al_c,q_80,usm_0.66_1.00_0.01,blur_2,enc_auto/80aa96_2d98607d11414e3ebd44bc8334a93b01_mv2.jpg]
[static.wixstatic.com/media/80aa96_a75f0f340f3d4c998f10be6cb41ff20a_mv2.png/v1/fill/w_49,h_18,al_c,q_85,usm_0.66_1.00_0.01,blur_2,enc_auto/80aa96_a75f0f340f3d4c998f10be6cb41ff20a_mv2.png]
[static.wixstatic.com/media/80aa96_0f882f7af7924174aa2b36d3759bc29b_mv2.jpg/v1/crop/x_0,y_143,w_6000,h_3714/fill/w_137,h_85,al_c,q_80,usm_0.66_1.00_0.01,blur_2,enc_auto/DSC_2740.jpg]
[static.wixstatic.com/media/80aa96_d58c1b0cc5ad42f7a90d5669a3150624_mv2.jpg/v1/fill/w_123,h_82,al_c,q_80,usm_0.66_1.00_0.01,blur_2,enc_auto/80aa96_d58c1b0cc5ad42f7a90d5669a3150624_mv2.jpg]
[static.wixstatic.com/media/80aa96_3a5e51478a0d478db1c9ee6950544baf_mv2.jpeg/v1/fill/w_123,h_82,al_c,q_80,usm_0.66_1.00_0.01,blur_2,enc_auto/80aa96_3a5e51478a0d478db1c9ee6950544baf_mv2.jpg]
[static.wixstatic.com/media/80aa96_45c6d7f31e424536be35f49bd4ccf80f_mv2.jpg/v1/fill/w_130,h_86,al_c,q_80,usm_0.66_1.00_0.01,blur_2,enc_auto/80aa96_45c6d7f31e424536be35f49bd4ccf80f_mv2.jpg]
[static.wixstatic.com/media/80aa96_5a6bc1b625f84ec2901ad148e4a7e75df000.jpg/v1/fill/w_97,h_55,al_c,q_80,usm_0.66_1.00_0.01,blur_2,enc_auto/80aa96_5a6bc1b625f84ec2901ad148e4a7e75df000.jpg]
[www.pristinebayresorts.com/index.html]
[www.pristinebayresorts.com/decodeURIComponent(e.html]
[www.pristinebayresorts.com/feed.html]
[static.wixstatic.com/media/80aa96_e4b3cb5750914e6e8829a5be1a026869_mv2.jpeg/v1/fill/w_112,h_41,al_c,q_80,usm_0.66_1.00_0.01,blur_2,enc_auto/80aa96_e4b3cb5750914e6e8829a5be1a026869_mv2.jpg]
[static.wixstatic.com/media/80aa96_37534770fbef4b0bbd66aa1310482c70_mv2.jpg/v1/fill/w_636,h_423,al_c,q_80,usm_0.66_1.00_0.01,enc_auto/e5fe6510-87ce-47ad-8feb-8ad647e3dbd8_JPG.jpg]
[static.wixstatic.com/media/80aa96_3d51d7e2a4cb42b380e68d3e0567a0a3_mv2.jpg/v1/fill/w_136,h_90,al_c,q_80,usm_0.66_1.00_0.01,blur_2,enc_auto/NZ6_8826 (1).jpg]
[www.pristinebayresorts.com/golfclub.html]
[static.wixstatic.com/media/80aa96_a779f1607c764c8da3bfe9180c74b893_mv2.jpg/v1/fill/w_98,h_65,al_c,q_80,usm_0.66_1.00_0.01,blur_2,enc_auto/80aa96_a779f1607c764c8da3bfe9180c74b893_mv2.jpg]
[static.wixstatic.com/media/80aa96_119b42a58452440d9d6f18f62be6e9e1_mv2.jpg/v1/fill/w_101,h_57,al_c,q_80,usm_0.66_1.00_0.01,blur_2,enc_auto/80aa96_119b42a58452440d9d6f18f62be6e9e1_mv2.jpg]
[static.wixstatic.com/media/80aa96_39f00d6fe3664cb08e6b10bd0dd5d07d_mv2.jpg/v1/fill/w_105,h_158,al_c,q_80,usm_0.66_1.00_0.01,blur_2,enc_auto/80aa96_39f00d6fe3664cb08e6b10bd0dd5d07d_mv2.jpg]
[www.pristinebayresorts.com/beachclub.html]
[static.wixstatic.com/media/80aa96_d95861bf86e54223828d395b12c868b6_mv2.jpg/v1/fill/w_98,h_65,al_c,q_80,usm_0.66_1.00_0.01,blur_2,enc_auto/80aa96_d95861bf86e54223828d395b12c868b6_mv2.jpg]
[static.wixstatic.com/media/80aa96_75479e212d9f44ad9467c631f721fab1_mv2.jpeg/v1/fill/w_456,h_603,al_c,q_80,usm_0.66_1.00_0.01,enc_auto/WhatsApp Image 2021-12-15 at 6_04_16 PM (1).jpg]
[static.wixstatic.com/media/80aa96_2ff6d8195b764087bcb6ea858bb3aeec_mv2.jpg/v1/fill/w_113,h_141,al_c,q_80,usm_0.66_1.00_0.01,blur_2,enc_auto/250113533_4553377971449406_142052991383375153_n.jpg]
[static.wixstatic.com/media/80aa96_dbec87522bae4ff2a9c46409b7e25218_mv2.jpg/v1/fill/w_96,h_64,al_c,q_80,usm_0.66_1.00_0.01,blur_2,enc_auto/80aa96_dbec87522bae4ff2a9c46409b7e25218_mv2.jpg]
[www.pristinebayresorts.com/weddings.html]
[static.wixstatic.com/media/80aa96_4b3e067e026648539de3283ae486f628_mv2.png/v1/fill/w_62,h_24,al_c,q_85,usm_0.66_1.00_0.01,blur_2,enc_auto/80aa96_4b3e067e026648539de3283ae486f628_mv2.png]
[static.wixstatic.com/media/80aa96_d50e60e3b9bd4383b0bbddb9d8557c2b_mv2.jpg/v1/fill/w_117,h_66,al_c,q_80,usm_0.66_1.00_0.01,blur_2,enc_auto/80aa96_d50e60e3b9bd4383b0bbddb9d8557c2b_mv2.jpg]
[static.wixstatic.com/media/80aa96_c02c1d06198e4d5084c88da3ca4d3ca1_mv2.jpg/v1/fill/w_108,h_61,al_c,q_80,usm_0.66_1.00_0.01,blur_2,enc_auto/PHOTO-2021-11-20-13-47-14_1.jpg]
[static.wixstatic.com/media/80aa96_d72b18038b0a4b98b829fceeb26d1ebe_mv2.png/v1/crop/x_0,y_0,w_840,h_517/fill/w_60,h_37,al_c,q_85,usm_0.66_1.00_0.01,blur_2,enc_auto/Screenshot_1.png]
[static.wixstatic.com/media/80aa96_2f6b45686fbd4a94b1ba16e260808995_mv2.jpeg/v1/fill/w_108,h_72,al_c,q_80,usm_0.66_1.00_0.01,blur_2,enc_auto/meeting4.jpg]
[www.pristinebayresorts.com/meetings.html]
[static.wixstatic.com/media/80aa96_0e738e7ef6b34510b996059efc9d94ea_mv2.jpg/v1/fill/w_98,h_65,al_c,q_80,usm_0.66_1.00_0.01,blur_2,enc_auto/80aa96_0e738e7ef6b34510b996059efc9d94ea_mv2.jpg]
[www.pristinebayresorts.com/media/emptystate.85a4add5.2f.delayed]
[static.parastorage.com/services/pro-gallery-tpa/1.191.0/WixProGalleryViewerWidget.min.css]
[static.wixstatic.com/media/80aa96_1dd586506ac1474980e36f47c8fe0a26_mv2.jpg/v1/fill/w_313,h_208,q_90/80aa96_1dd586506ac1474980e36f47c8fe0a26_mv2.jpg]
[static.wixstatic.com/media/80aa96_8efcd63c272241bfb3d43350692123cc_mv2.jpg/v1/fill/w_166,h_208,q_90/80aa96_8efcd63c272241bfb3d43350692123cc_mv2.jpg]
[static.wixstatic.com/media/80aa96_a586ee068dd840e1a4442838041e9882_mv2.jpg/v1/fill/w_239,h_159,q_90/80aa96_a586ee068dd840e1a4442838041e9882_mv2.jpg]
[static.wixstatic.com/media/80aa96_df43d9c0877449539b069d7bb4b62f5a_mv2.jpg/v1/fill/w_239,h_159,q_90/80aa96_df43d9c0877449539b069d7bb4b62f5a_mv2.jpg]
[static.wixstatic.com/media/80aa96_13edf2943d1841b5bfd1700c54e42f90_mv2.jpeg/v1/fill/w_218,h_145,q_90/80aa96_13edf2943d1841b5bfd1700c54e42f90_mv2.jpg]
[static.wixstatic.com/media/80aa96_76c8e229732748e1a4e328b40a7c486a_mv2.jpg/v1/fill/w_218,h_145,q_90/80aa96_76c8e229732748e1a4e328b40a7c486a_mv2.jpg]
[static.wixstatic.com/media/80aa96_e94009ce71934389bee4cfc15fe37ea8_mv2.jpeg/v1/fill/w_260,h_295,q_90/80aa96_e94009ce71934389bee4cfc15fe37ea8_mv2.jpg]
[static.wixstatic.com/media/80aa96_8ecabc63b99e4c07b25da373c5fca794_mv2.jpg/v1/fill/w_240,h_160,q_90/80aa96_8ecabc63b99e4c07b25da373c5fca794_mv2.jpg]
[static.wixstatic.com/media/80aa96_df7bfd6bc71e4c69bfda539c060f105f_mv2.jpg/v1/fill/w_239,h_160,q_90/80aa96_df7bfd6bc71e4c69bfda539c060f105f_mv2.jpg]
[static.wixstatic.com/media/80aa96_a34c1aa2c19d42d486e578f3fc9f91ea_mv2.jpg/v1/fill/w_261,h_174,q_90/80aa96_a34c1aa2c19d42d486e578f3fc9f91ea_mv2.jpg]
[static.wixstatic.com/media/80aa96_c2ad3cf34f424ff9b4e4c14be1d68374_mv2.jpg/v1/fill/w_261,h_147,q_90/80aa96_c2ad3cf34f424ff9b4e4c14be1d68374_mv2.jpg]
[static.wixstatic.com/media/80aa96_dc95eb32494a497990a2a7b1be9f80dc_mv2.jpg/v1/fill/w_218,h_326,q_90/80aa96_dc95eb32494a497990a2a7b1be9f80dc_mv2.jpg]
[static.wixstatic.com/media/80aa96_0ff1e03f677043908e209223d8e518b0_mv2.jpg/v1/fill/w_348,h_196,q_90/80aa96_0ff1e03f677043908e209223d8e518b0_mv2.jpg]
[static.wixstatic.com/media/80aa96_c1e8854a8f5740d1b7372647094a665f_mv2.jpg/v1/fill/w_130,h_196,q_90/80aa96_c1e8854a8f5740d1b7372647094a665f_mv2.jpg]
[static.wixstatic.com/media/80aa96_b90c6e8124384e9b9aa90a0316563936_mv2.jpg/v1/fill/w_227,h_340,q_90/80aa96_b90c6e8124384e9b9aa90a0316563936_mv2.jpg]
[static.wixstatic.com/media/80aa96_2b3e338294f4469bb42368d06776ef0e_mv2.jpg/v1/fill/w_251,h_167,q_90/80aa96_2b3e338294f4469bb42368d06776ef0e_mv2.jpg]
[static.wixstatic.com/media/80aa96_825f0d86ee0a4f18a4c713c2a0ba5717_mv2.jpeg/v1/fill/w_251,h_168,q_90/80aa96_825f0d86ee0a4f18a4c713c2a0ba5717_mv2.jpg]
[static.wixstatic.com/media/80aa96_a043c00434d14941b7bfaaac3926d28b_mv2.jpg/v1/fill/w_218,h_327,q_90/80aa96_a043c00434d14941b7bfaaac3926d28b_mv2.jpg]
[static.wixstatic.com/media/80aa96_17e36323c52e4f4582204f4e57defc7b_mv2.jpg/v1/fill/w_261,h_147,q_90/80aa96_17e36323c52e4f4582204f4e57defc7b_mv2.jpg]
[static.wixstatic.com/media/80aa96_42db77da9c3445dfbfd579874ea0100f_mv2.jpg/v1/fill/w_261,h_175,q_90/80aa96_42db77da9c3445dfbfd579874ea0100f_mv2.jpg]
[www.pristinebayresorts.com/gallery.html]
[static.wixstatic.com/media/80aa96_e7f141a62738451c9ccf693d12d34141_mv2.jpg/v1/fill/w_87,h_65,al_c,q_80,usm_0.66_1.00_0.01,blur_2,enc_auto/80aa96_e7f141a62738451c9ccf693d12d34141_mv2.jpg]
[static.wixstatic.com/media/80aa96_50bdc4d8d6b343989efd326d4c0584be_mv2.jpg/v1/fill/w_378,h_283,al_c,q_80,usm_0.66_1.00_0.01,enc_auto/20211118_095259.jpg]
[static.wixstatic.com/media/80aa96_cac33d6048a444f5bd3473c0460c7621_mv2.jpg/v1/fill/w_94,h_71,al_c,q_80,usm_0.66_1.00_0.01,blur_2,enc_auto/20211118_120530.jpg]
[static.wixstatic.com/media/80aa96_c3af5fc99f08466188b1b9072a580cd0_mv2.jpeg/v1/fill/w_94,h_71,al_c,q_80,usm_0.66_1.00_0.01,blur_2,enc_auto/WhatsApp Image 2022-01-26 at 2_46_07 PM.jpg]
[static.wixstatic.com/media/80aa96_f646aca88fd4434eb1ef5c9b19f796e0_mv2.jpg/v1/fill/w_94,h_71,al_c,q_80,usm_0.66_1.00_0.01,blur_2,enc_auto/20211118_154149.jpg]
[static.wixstatic.com/media/80aa96_87616d930416462fa9f2d5c08bf89a8e_mv2.jpeg/v1/fill/w_94,h_71,al_c,q_80,usm_0.66_1.00_0.01,blur_2,enc_auto/WhatsApp Image 2022-01-26 at 2_34_34 PM.jpg]
[www.pristinebayresorts.com/villas.html]
[static.parastorage.com/services/editor-elements-library/dist/thunderbolt/media/sloppyframe.d2412ec4.png]
[static.wixstatic.com/media/80aa96_fe6cc6baccde44ecbbeff64d6c95aeea_mv2.jpeg/v1/fill/w_95,h_63,al_c,q_80,usm_0.66_1.00_0.01,blur_2,enc_auto/80aa96_fe6cc6baccde44ecbbeff64d6c95aeea_mv2.jpg]
[www.pristinebayresorts.com/contactus.html]
[www.pristinebayresorts.com/media/emptystate.85a4add5.html]
[static.parastorage.com/services/pro-gallery-tpa/1.191.0/WixProGalleryViewerWidget.min.css]
[static.parastorage.com/services/pro-gallery-tpa/1.191.0/media/emptystate.85a4add5.svg]
